<?xml version="1.0" encoding="UTF-8"?>
<testsuite name="ru.stqa.pft.sandbox.EquationTests" tests="2" skipped="0" failures="0" errors="0" timestamp="2020-08-20T09:20:46" hostname="LAPTOP-4A2JVML7" time="0.012">
  <properties/>
  <testcase name="test1" classname="ru.stqa.pft.sandbox.EquationTests" time="0.007"/>
  <testcase name="test2" classname="ru.stqa.pft.sandbox.EquationTests" time="0.0"/>
  <system-out><![CDATA[]]></system-out>
  <system-err><![CDATA[]]></system-err>
</testsuite>
