<?xml version="1.0" encoding="UTF-8"?>
<testsuite name="ru.stqa.pft.sandbox.PrimeTests" tests="1" skipped="0" failures="0" errors="0" timestamp="2020-08-16T07:17:14" hostname="LAPTOP-4A2JVML7" time="5.903">
  <properties/>
  <testcase name="testPrime" classname="ru.stqa.pft.sandbox.PrimeTests" time="5.903"/>
  <system-out><![CDATA[]]></system-out>
  <system-err><![CDATA[]]></system-err>
</testsuite>
