<?xml version="1.0" encoding="UTF-8"?>
<testsuite name="ru.stqa.pft.addressbook.tests.ContactCreationTests" tests="1" skipped="0" failures="0" errors="0" timestamp="2020-08-24T10:54:03" hostname="LAPTOP-4A2JVML7" time="1.752">
  <properties/>
  <testcase name="contactCreationTests" classname="ru.stqa.pft.addressbook.tests.ContactCreationTests" time="1.752"/>
  <system-out><![CDATA[]]></system-out>
  <system-err><![CDATA[]]></system-err>
</testsuite>
