<?xml version="1.0" encoding="UTF-8"?>
<testsuite name="ru.stqa.pft.addressbook.tests.GroupModificationTests" tests="1" skipped="0" failures="0" errors="0" timestamp="2020-08-20T18:12:28" hostname="LAPTOP-4A2JVML7" time="0.847">
  <properties/>
  <testcase name="groupModification" classname="ru.stqa.pft.addressbook.tests.GroupModificationTests" time="0.847"/>
  <system-out><![CDATA[]]></system-out>
  <system-err><![CDATA[]]></system-err>
</testsuite>
