<?xml version="1.0" encoding="UTF-8"?>
<testsuite name="ru.stqa.pft.addressbook.tests.GroupCreationTests" tests="3" skipped="0" failures="0" errors="0" timestamp="2020-08-25T10:52:37" hostname="LAPTOP-4A2JVML7" time="4.101">
  <properties/>
  <testcase name="groupCreationTests[0](GroupData{id='2147483647', name='test1'})" classname="ru.stqa.pft.addressbook.tests.GroupCreationTests" time="1.733"/>
  <testcase name="groupCreationTests[1](GroupData{id='2147483647', name='test2'})" classname="ru.stqa.pft.addressbook.tests.GroupCreationTests" time="1.187"/>
  <testcase name="groupCreationTests[2](GroupData{id='2147483647', name='test3'})" classname="ru.stqa.pft.addressbook.tests.GroupCreationTests" time="1.179"/>
  <system-out><![CDATA[]]></system-out>
  <system-err><![CDATA[]]></system-err>
</testsuite>
