<?xml version="1.0" encoding="UTF-8"?>
<testsuite name="ru.stqa.pft.addressbook.tests.DbConnectionTest" tests="1" skipped="0" failures="0" errors="0" timestamp="2020-08-28T10:59:33" hostname="LAPTOP-4A2JVML7" time="0.169">
  <properties/>
  <testcase name="testDbConnection" classname="ru.stqa.pft.addressbook.tests.DbConnectionTest" time="0.169"/>
  <system-out><![CDATA[SQLException: Unknown database 'addressbook'
SQLState: 42000
VendorError: 1049
]]></system-out>
  <system-err><![CDATA[]]></system-err>
</testsuite>
