<?xml version="1.0" encoding="UTF-8"?>
<testsuite name="ru.stqa.pft.addressbook.tests.ContactModificationTests" tests="1" skipped="0" failures="0" errors="0" timestamp="2020-08-23T12:46:03" hostname="LAPTOP-4A2JVML7" time="0.575">
  <properties/>
  <testcase name="contactModificationTests" classname="ru.stqa.pft.addressbook.tests.ContactModificationTests" time="0.575"/>
  <system-out><![CDATA[]]></system-out>
  <system-err><![CDATA[]]></system-err>
</testsuite>
