<?xml version="1.0" encoding="UTF-8"?>
<testsuite name="ru.stqa.pft.addressbook.tests.GroupCreationTests" tests="1" skipped="0" failures="0" errors="0" timestamp="2020-08-20T18:12:26" hostname="LAPTOP-4A2JVML7" time="0.949">
  <properties/>
  <testcase name="groupCreationTests" classname="ru.stqa.pft.addressbook.tests.GroupCreationTests" time="0.949"/>
  <system-out><![CDATA[]]></system-out>
  <system-err><![CDATA[]]></system-err>
</testsuite>
