<?xml version="1.0" encoding="UTF-8"?>
<testsuite name="ru.stqa.pft.github.GithubTests" tests="1" skipped="0" failures="0" errors="0" timestamp="2020-09-03T04:15:39" hostname="LAPTOP-4A2JVML7" time="50.283">
  <properties/>
  <testcase name="testCommits" classname="ru.stqa.pft.github.GithubTests" time="50.283"/>
  <system-out><![CDATA[8 моудль (mantis, http, ftp, ленивая иниц., почта, telnet)
72 условия отбора данных
71 hibernate
70 исправление ошибок
70 бд
69 logback
68 конфигурация тестового стенда
исправление 30го урока
67
66 закрытие файла после использования
65 json
64 xml
63 загрузка тестовых данных из файла
62
61 jcommander
60 генерация тестовых данных
59 фотографии контактов
58 конец модуля
57
56
55 хеширование
54 кеширование
53 hamcrest
52 уникальные индетификаторы
51
50
49
48 убираю junit
47 исправление ошибок
45-46 исправление ошибок
47
45-46
44 неупорядоченные коллекции
исправление ошибок 40-43 уроков
43 сравнения
42 формирование коллекции
41 выбор по порядковому номеру
40 колличество элементов в коллекции
39 коллекции
38 циклы и их производительность
37 Проверка существования групп перед тестом
36
35
Тесты для Контактов
+ GroupModificationTests
Повторение 2го модуля
if else
Написани теста без использования рекордера
Делегирование и создание двухуровневой архитектуры
Наследование и создание теста для удаления группы в адресной книге
рефакторинг
первый тест адресной книгой и фикстура
Добавление junit
18 les
Добавление методов в классы
Классы, обьекты и конструкторы
Добавлено несколько функций
Арифметические операции и конкатенация
Настройки форматирования и отвязка проекта от репозитория
Создан пакет для моей первой программы
Создан проект для IDEA
добавлен запускатель для gradle
создан проект "песочница"
Initial commit
]]></system-out>
  <system-err><![CDATA[SLF4J: Failed to load class "org.slf4j.impl.StaticLoggerBinder".
SLF4J: Defaulting to no-operation (NOP) logger implementation
SLF4J: See http://www.slf4j.org/codes.html#StaticLoggerBinder for further details.
]]></system-err>
</testsuite>
